<?xml version="1.0" encoding="UTF-8"?>
<testsuite xmlns:xsi="http://www.w3.org/2001/XMLSchema-instance" xsi:noNamespaceSchemaLocation="https://maven.apache.org/surefire/maven-surefire-plugin/xsd/surefire-test-report-3.0.xsd" version="3.0" name="TestSuite" time="14.781" tests="10" errors="0" skipped="7" failures="3">
  <properties>
[...]
</properties>
  <testcase name="startDriver" classname="portfolio.SignProcess" time="6.551">
    <failure message="java.net.ConnectException: Failed to connect to localhost/0:0:0:0:0:0:0:1:20896&#10;Build info: version: &apos;3.141.59&apos;, revision: &apos;e82be7d358&apos;, time: &apos;2018-11-14T08:17:03&apos;&#10;System info: host: &apos;LAPTOP-42B328LA&apos;, ip: &apos;192.168.0.21&apos;, os.name: &apos;Windows 10&apos;, os.arch: &apos;amd64&apos;, os.version: &apos;10.0&apos;, java.version: &apos;1.8.0_241&apos;&#10;Driver info: driver.version: InternetExplorerDriver" type="org.openqa.selenium.WebDriverException"><![CDATA[org.openqa.selenium.WebDriverException: 
java.net.ConnectException: Failed to connect to localhost/0:0:0:0:0:0:0:1:20896
Build info: version: '3.141.59', revision: 'e82be7d358', time: '2018-11-14T08:17:03'
System info: host: 'LAPTOP-42B328LA', ip: '192.168.0.21', os.name: 'Windows 10', os.arch: 'amd64', os.version: '10.0', java.version: '1.8.0_241'
Driver info: driver.version: InternetExplorerDriver
	at portfolio.SignProcess.startDriver(SignProcess.java:25)
Caused by: java.net.ConnectException: Failed to connect to localhost/0:0:0:0:0:0:0:1:20896
	at portfolio.SignProcess.startDriver(SignProcess.java:25)
Caused by: java.net.ConnectException: Connection refused: connect
	at portfolio.SignProcess.startDriver(SignProcess.java:25)
]]></failure>
    <system-err><![CDATA[Started InternetExplorerDriver server (64-bit)
3.9.0.0
Listening on port 20896
Only local connections are allowed
]]></system-err>
  </testcase>
  <testcase name="basePageNavigation" classname="portfolio.SignProcess" time="0">
    <skipped/>
  </testcase>
  <testcase name="basePageNavigation" classname="portfolio.SignProcess" time="0">
    <skipped/>
  </testcase>
  <testcase name="tearDown" classname="portfolio.SignProcess" time="0">
    <skipped/>
  </testcase>
  <testcase name="startDriver" classname="portfolio.LandingPageText" time="3.797">
    <failure message="java.net.ConnectException: Failed to connect to localhost/0:0:0:0:0:0:0:1:5342&#10;Build info: version: &apos;3.141.59&apos;, revision: &apos;e82be7d358&apos;, time: &apos;2018-11-14T08:17:03&apos;&#10;System info: host: &apos;LAPTOP-42B328LA&apos;, ip: &apos;192.168.0.21&apos;, os.name: &apos;Windows 10&apos;, os.arch: &apos;amd64&apos;, os.version: &apos;10.0&apos;, java.version: &apos;1.8.0_241&apos;&#10;Driver info: driver.version: InternetExplorerDriver" type="org.openqa.selenium.WebDriverException"><![CDATA[org.openqa.selenium.WebDriverException: 
java.net.ConnectException: Failed to connect to localhost/0:0:0:0:0:0:0:1:5342
Build info: version: '3.141.59', revision: 'e82be7d358', time: '2018-11-14T08:17:03'
System info: host: 'LAPTOP-42B328LA', ip: '192.168.0.21', os.name: 'Windows 10', os.arch: 'amd64', os.version: '10.0', java.version: '1.8.0_241'
Driver info: driver.version: InternetExplorerDriver
	at portfolio.LandingPageText.startDriver(LandingPageText.java:22)
Caused by: java.net.ConnectException: Failed to connect to localhost/0:0:0:0:0:0:0:1:5342
	at portfolio.LandingPageText.startDriver(LandingPageText.java:22)
Caused by: java.net.ConnectException: Connection refused: connect
	at portfolio.LandingPageText.startDriver(LandingPageText.java:22)
]]></failure>
    <system-err><![CDATA[Started InternetExplorerDriver server (64-bit)
3.9.0.0
Listening on port 5342
Only local connections are allowed
]]></system-err>
  </testcase>
  <testcase name="inspectLandingPage" classname="portfolio.LandingPageText" time="0">
    <skipped/>
  </testcase>
  <testcase name="tearDown" classname="portfolio.LandingPageText" time="0">
    <skipped/>
  </testcase>
  <testcase name="startDriver" classname="portfolio.ValidateNavigationBar" time="3.775">
    <failure message="java.net.ConnectException: Failed to connect to localhost/0:0:0:0:0:0:0:1:17474&#10;Build info: version: &apos;3.141.59&apos;, revision: &apos;e82be7d358&apos;, time: &apos;2018-11-14T08:17:03&apos;&#10;System info: host: &apos;LAPTOP-42B328LA&apos;, ip: &apos;192.168.0.21&apos;, os.name: &apos;Windows 10&apos;, os.arch: &apos;amd64&apos;, os.version: &apos;10.0&apos;, java.version: &apos;1.8.0_241&apos;&#10;Driver info: driver.version: InternetExplorerDriver" type="org.openqa.selenium.WebDriverException"><![CDATA[org.openqa.selenium.WebDriverException: 
java.net.ConnectException: Failed to connect to localhost/0:0:0:0:0:0:0:1:17474
Build info: version: '3.141.59', revision: 'e82be7d358', time: '2018-11-14T08:17:03'
System info: host: 'LAPTOP-42B328LA', ip: '192.168.0.21', os.name: 'Windows 10', os.arch: 'amd64', os.version: '10.0', java.version: '1.8.0_241'
Driver info: driver.version: InternetExplorerDriver
	at portfolio.ValidateNavigationBar.startDriver(ValidateNavigationBar.java:22)
Caused by: java.net.ConnectException: Failed to connect to localhost/0:0:0:0:0:0:0:1:17474
	at portfolio.ValidateNavigationBar.startDriver(ValidateNavigationBar.java:22)
Caused by: java.net.ConnectException: Connection refused: connect
	at portfolio.ValidateNavigationBar.startDriver(ValidateNavigationBar.java:22)
]]></failure>
    <system-err><![CDATA[Started InternetExplorerDriver server (64-bit)
3.9.0.0
Listening on port 17474
Only local connections are allowed
]]></system-err>
  </testcase>
  <testcase name="validateNavigationBar" classname="portfolio.ValidateNavigationBar" time="0">
    <skipped/>
  </testcase>
  <testcase name="tearDown" classname="portfolio.ValidateNavigationBar" time="0">
    <skipped/>
  </testcase>
</testsuite>