<?xml version="1.0" encoding="UTF-8"?>
<testng-results skipped="0" failed="0" total="2" passed="2">
  <reporter-output>
  </reporter-output>
  <suite name="Default suite" duration-ms="6443" started-at="2020-02-14T03:55:10Z" finished-at="2020-02-14T03:55:16Z">
    <groups>
    </groups>
    <test name="Default test" duration-ms="6443" started-at="2020-02-14T03:55:10Z" finished-at="2020-02-14T03:55:16Z">
      <class name="portfolio.SignProcess">
        <test-method status="PASS" signature="startDriver()[pri:0, instance:portfolio.SignProcess@1b1473ab]" name="startDriver" is-config="true" duration-ms="2927" started-at="2020-02-13T20:55:10Z" finished-at="2020-02-13T20:55:13Z">
          <reporter-output>
          </reporter-output>
        </test-method> <!-- startDriver -->
        <test-method status="PASS" signature="basePageNavigation(java.lang.String, java.lang.String)[pri:0, instance:portfolio.SignProcess@1b1473ab]" name="basePageNavigation" duration-ms="1961" started-at="2020-02-13T20:55:13Z" data-provider="getData" finished-at="2020-02-13T20:55:15Z">
          <params>
            <param index="0">
              <value>
                <![CDATA[Matameromas]]>
              </value>
            </param>
            <param index="1">
              <value>
                <![CDATA[123456]]>
              </value>
            </param>
          </params>
          <reporter-output>
          </reporter-output>
        </test-method> <!-- basePageNavigation -->
        <test-method status="PASS" signature="basePageNavigation(java.lang.String, java.lang.String)[pri:0, instance:portfolio.SignProcess@1b1473ab]" name="basePageNavigation" duration-ms="1354" started-at="2020-02-13T20:55:15Z" data-provider="getData" finished-at="2020-02-13T20:55:16Z">
          <params>
            <param index="0">
              <value>
                <![CDATA[MiniLicwxyz]]>
              </value>
            </param>
            <param index="1">
              <value>
                <![CDATA[997068]]>
              </value>
            </param>
          </params>
          <reporter-output>
          </reporter-output>
        </test-method> <!-- basePageNavigation -->
        <test-method status="PASS" signature="tearDown()[pri:0, instance:portfolio.SignProcess@1b1473ab]" name="tearDown" is-config="true" duration-ms="183" started-at="2020-02-13T20:55:16Z" finished-at="2020-02-13T20:55:16Z">
          <reporter-output>
          </reporter-output>
        </test-method> <!-- tearDown -->
      </class> <!-- portfolio.SignProcess -->
    </test> <!-- Default test -->
  </suite> <!-- Default suite -->
</testng-results>
